<?xml version="1.0" encoding="utf-8"?><testsuites name="pytest tests"><testsuite name="pytest" errors="0" failures="1" skipped="0" tests="36" time="14.504" timestamp="2026-03-12T22:36:27.655089+00:00" hostname="agent-env-efb0c595-de51-4dfc-88e8-f7026a8a92b9"><testcase classname="backend.tests.test_gatewise_api.TestHealthAndStatus" name="test_health_endpoint" time="0.567" /><testcase classname="backend.tests.test_gatewise_api.TestHealthAndStatus" name="test_status_endpoint" time="0.087" /><testcase classname="backend.tests.test_gatewise_api.TestPoliciesCRUD" name="test_get_policies_list" time="0.394" /><testcase classname="backend.tests.test_gatewise_api.TestPoliciesCRUD" name="test_create_policy_with_yaml" time="0.380" /><testcase classname="backend.tests.test_gatewise_api.TestPoliciesCRUD" name="test_get_single_policy" time="0.413" /><testcase classname="backend.tests.test_gatewise_api.TestPoliciesCRUD" name="test_get_nonexistent_policy_returns_404" time="0.208" /><testcase classname="backend.tests.test_gatewise_api.TestPoliciesCRUD" name="test_update_policy" time="0.545" /><testcase classname="backend.tests.test_gatewise_api.TestPoliciesCRUD" name="test_delete_policy" time="0.459" /><testcase classname="backend.tests.test_gatewise_api.TestPoliciesCRUD" name="test_reconcile_policy" time="0.402" /><testcase classname="backend.tests.test_gatewise_api.TestPolicyValidation" name="test_validate_valid_policy" time="0.087" /><testcase classname="backend.tests.test_gatewise_api.TestPolicyValidation" name="test_validate_invalid_apiversion" time="0.085" /><testcase classname="backend.tests.test_gatewise_api.TestPolicyValidation" name="test_validate_invalid_kind" time="0.108" /><testcase classname="backend.tests.test_gatewise_api.TestPolicyValidation" name="test_validate_missing_name" time="0.102" /><testcase classname="backend.tests.test_gatewise_api.TestPolicyValidation" name="test_validate_forbidden_name" time="0.077" /><testcase classname="backend.tests.test_gatewise_api.TestPolicyValidation" name="test_validate_empty_yaml" time="0.113" /><testcase classname="backend.tests.test_gatewise_api.TestJITAccess" name="test_get_jit_grants_list" time="0.416" /><testcase classname="backend.tests.test_gatewise_api.TestJITAccess" name="test_request_jit_access" time="0.542" /><testcase classname="backend.tests.test_gatewise_api.TestJITAccess" name="test_jit_requires_enterprise_license" time="0.564" /><testcase classname="backend.tests.test_gatewise_api.TestJITAccess" name="test_jit_requires_valid_policy" time="0.439" /><testcase classname="backend.tests.test_gatewise_api.TestDriftDetection" name="test_get_drifts_list" time="0.248" /><testcase classname="backend.tests.test_gatewise_api.TestDriftDetection" name="test_simulate_drift" time="0.273" /><testcase classname="backend.tests.test_gatewise_api.TestDriftDetection" name="test_repair_drift" time="0.392" /><testcase classname="backend.tests.test_gatewise_api.TestDriftDetection" name="test_repair_all_drifts" time="0.428" /><testcase classname="backend.tests.test_gatewise_api.TestDriftDetection" name="test_drift_requires_enterprise_for_simulate" time="0.409" /><testcase classname="backend.tests.test_gatewise_api.TestDriftDetection" name="test_repair_nonexistent_drift" time="0.229" /><testcase classname="backend.tests.test_gatewise_api.TestConnectors" name="test_get_connectors_list" time="0.069" /><testcase classname="backend.tests.test_gatewise_api.TestConnectors" name="test_kubernetes_connector_available" time="0.085" /><testcase classname="backend.tests.test_gatewise_api.TestConnectors" name="test_kafka_kong_locked_in_community" time="0.154" /><testcase classname="backend.tests.test_gatewise_api.TestConnectors" name="test_kafka_kong_available_in_enterprise" time="0.243" /><testcase classname="backend.tests.test_gatewise_api.TestLicense" name="test_get_license" time="0.072" /><testcase classname="backend.tests.test_gatewise_api.TestLicense" name="test_set_enterprise_license" time="0.080" /><testcase classname="backend.tests.test_gatewise_api.TestLicense" name="test_set_community_license" time="0.157" /><testcase classname="backend.tests.test_gatewise_api.TestAuditLogs" name="test_get_audit_logs" time="0.072" /><testcase classname="backend.tests.test_gatewise_api.TestAuditLogs" name="test_audit_log_created_on_policy_create" time="0.212" /><testcase classname="backend.tests.test_gatewise_api.TestWebSocket" name="test_websocket_connection" time="5.010"><failure message="AssertionError: WebSocket connection not established within timeout&#10;assert False">backend/tests/test_gatewise_api.py:690: in test_websocket_connection
    assert connected, "WebSocket connection not established within timeout"
E   AssertionError: WebSocket connection not established within timeout
E   assert False</failure></testcase><testcase classname="backend.tests.test_gatewise_api.TestCLI" name="test_cli_version" time="0.007" /></testsuite></testsuites>